INFO: org.esa.s2tbx.dataio.gdal.GDALVersion: Incompatible GDAL 3.3.2 found on system. Internal GDAL 3.0.0 from distribution will be used.
INFO: org.esa.s2tbx.dataio.gdal.GDALVersion: Internal GDAL 3.0.0 set to be used by SNAP.
INFO: org.esa.snap.core.gpf.operators.tooladapter.ToolAdapterIO: Initializing external tool adapters
INFO: org.esa.snap.core.util.EngineVersionCheckActivator: Please check regularly for new updates for the best SNAP experience.
[INFO] ASF session validated successfully.
Search mode set to ROI.
Search parameters:
{'intersectsWith': 'POLYGON ((10.43289770296719 62.9927209621629, 10.43289770296719 63.15511945156967, 10.20100153157741 63.15511945156967, 10.20100153157741 62.9927209621629, 10.43289770296719 62.9927209621629))', 'platform': 'Sentinel-1', 'processingLevel': 'GRD_HD', 'beamMode': 'IW', 'polarization': 'VV+VH', 'flightDirection': None, 'start': datetime.date(2020, 1, 1), 'end': datetime.date(2020, 12, 31), 'maxResults': 10}

[INFO] Search complete, images found: 10.
S1A_IW_GRDH_1SDV_20201230T165515_20201230T165540_035918_0434F0_3430.zip
Raster already downloaded ------> SKIPPING
S1A_IW_GRDH_1SDV_20201230T053853_20201230T053918_035911_0434B3_4FAD.zip
S1B_IW_GRDH_1SDV_20201229T170242_20201229T170307_024920_02F722_739F.zip
S1B_IW_GRDH_1SDV_20201229T054638_20201229T054703_024913_02F6E8_463B.zip
S1A_IW_GRDH_1SDV_20201228T055512_20201228T055537_035882_0433B6_906C.zip
S1A_IW_GRDH_1SDV_20201225T164712_20201225T164737_035845_043256_6005.zip
S1B_IW_GRDH_1SDV_20201224T165435_20201224T165500_024847_02F4D0_ED51.zip
S1B_IW_GRDH_1SDV_20201224T053828_20201224T053853_024840_02F495_D66D.zip
S1A_IW_GRDH_1SDV_20201223T170325_20201223T170350_035816_043152_A85C.zip
S1A_IW_GRDH_1SDV_20201223T054703_20201223T054728_035809_043117_6B58.zip
Search parameters:
{'intersectsWith': 'POLYGON ((10.32572805367569 63.14961889233, 10.32572805367569 63.34246526415529, 10.22991532764983 63.34246526415529, 10.22991532764983 63.14961889233, 10.32572805367569 63.14961889233))', 'platform': 'Sentinel-1', 'processingLevel': 'GRD_HD', 'beamMode': 'IW', 'polarization': 'VV+VH', 'flightDirection': None, 'start': datetime.date(2020, 1, 1), 'end': datetime.date(2020, 12, 31), 'maxResults': 10}

[INFO] Search complete, images found: 10.
S1A_IW_GRDH_1SDV_20201230T165515_20201230T165540_035918_0434F0_3430.zip
Raster already downloaded ------> SKIPPING
S1A_IW_GRDH_1SDV_20201230T053853_20201230T053918_035911_0434B3_4FAD.zip
S1B_IW_GRDH_1SDV_20201229T170242_20201229T170307_024920_02F722_739F.zip
S1B_IW_GRDH_1SDV_20201229T054638_20201229T054703_024913_02F6E8_463B.zip
S1B_IW_GRDH_1SDV_20201229T054613_20201229T054638_024913_02F6E8_458F.zip
S1A_IW_GRDH_1SDV_20201228T055512_20201228T055537_035882_0433B6_906C.zip
S1A_IW_GRDH_1SDV_20201225T164712_20201225T164737_035845_043256_6005.zip
S1B_IW_GRDH_1SDV_20201224T165435_20201224T165500_024847_02F4D0_ED51.zip
S1B_IW_GRDH_1SDV_20201224T053828_20201224T053853_024840_02F495_D66D.zip
S1B_IW_GRDH_1SDV_20201224T053803_20201224T053828_024840_02F495_AA49.zip
Search parameters:
{'intersectsWith': 'POLYGON ((10.28300647719676 63.12380428516609, 10.28300647719676 63.26243627085528, 10.01919184818688 63.26243627085528, 10.01919184818688 63.12380428516609, 10.28300647719676 63.12380428516609))', 'platform': 'Sentinel-1', 'processingLevel': 'GRD_HD', 'beamMode': 'IW', 'polarization': 'VV+VH', 'flightDirection': None, 'start': datetime.date(2020, 1, 1), 'end': datetime.date(2020, 12, 31), 'maxResults': 10}

[INFO] Search complete, images found: 10.
S1A_IW_GRDH_1SDV_20201230T165515_20201230T165540_035918_0434F0_3430.zip
Raster already downloaded ------> SKIPPING
S1A_IW_GRDH_1SDV_20201230T053853_20201230T053918_035911_0434B3_4FAD.zip
S1B_IW_GRDH_1SDV_20201229T170242_20201229T170307_024920_02F722_739F.zip
S1B_IW_GRDH_1SDV_20201229T054638_20201229T054703_024913_02F6E8_463B.zip
S1A_IW_GRDH_1SDV_20201228T055512_20201228T055537_035882_0433B6_906C.zip
S1A_IW_GRDH_1SDV_20201225T164712_20201225T164737_035845_043256_6005.zip
S1B_IW_GRDH_1SDV_20201224T165435_20201224T165500_024847_02F4D0_ED51.zip
S1B_IW_GRDH_1SDV_20201224T053828_20201224T053853_024840_02F495_D66D.zip
S1A_IW_GRDH_1SDV_20201223T170325_20201223T170350_035816_043152_A85C.zip
S1A_IW_GRDH_1SDV_20201223T054703_20201223T054728_035809_043117_6B58.zip
Search parameters:
{'intersectsWith': 'POLYGON ((9.762992438798964 63.14185580498783, 9.762992438798964 63.30167563112848, 9.511943437357495 63.30167563112848, 9.511943437357495 63.14185580498783, 9.762992438798964 63.14185580498783))', 'platform': 'Sentinel-1', 'processingLevel': 'GRD_HD', 'beamMode': 'IW', 'polarization': 'VV+VH', 'flightDirection': None, 'start': datetime.date(2020, 1, 1), 'end': datetime.date(2020, 12, 31), 'maxResults': 10}

[INFO] Search complete, images found: 10.
S1A_IW_GRDH_1SDV_20201230T165515_20201230T165540_035918_0434F0_3430.zip
Raster already downloaded ------> SKIPPING
S1A_IW_GRDH_1SDV_20201230T053853_20201230T053918_035911_0434B3_4FAD.zip
S1B_IW_GRDH_1SDV_20201229T170242_20201229T170307_024920_02F722_739F.zip
S1B_IW_GRDH_1SDV_20201229T054638_20201229T054703_024913_02F6E8_463B.zip
S1A_IW_GRDH_1SDV_20201228T055512_20201228T055537_035882_0433B6_906C.zip
S1A_IW_GRDH_1SDV_20201225T164712_20201225T164737_035845_043256_6005.zip
S1B_IW_GRDH_1SDV_20201224T165435_20201224T165500_024847_02F4D0_ED51.zip
S1B_IW_GRDH_1SDV_20201224T053828_20201224T053853_024840_02F495_D66D.zip
S1A_IW_GRDH_1SDV_20201223T170325_20201223T170350_035816_043152_A85C.zip
S1A_IW_GRDH_1SDV_20201223T054703_20201223T054728_035809_043117_6B58.zip
Search parameters:
{'intersectsWith': 'POLYGON ((9.873570853687553 63.19624693444488, 9.873570853687553 63.32061815807084, 9.732714853560653 63.32061815807084, 9.732714853560653 63.19624693444488, 9.873570853687553 63.19624693444488))', 'platform': 'Sentinel-1', 'processingLevel': 'GRD_HD', 'beamMode': 'IW', 'polarization': 'VV+VH', 'flightDirection': None, 'start': datetime.date(2020, 1, 1), 'end': datetime.date(2020, 12, 31), 'maxResults': 10}

[INFO] Search complete, images found: 10.
S1A_IW_GRDH_1SDV_20201230T165515_20201230T165540_035918_0434F0_3430.zip
Raster already downloaded ------> SKIPPING
S1A_IW_GRDH_1SDV_20201230T053853_20201230T053918_035911_0434B3_4FAD.zip
S1B_IW_GRDH_1SDV_20201229T170242_20201229T170307_024920_02F722_739F.zip
S1B_IW_GRDH_1SDV_20201229T054638_20201229T054703_024913_02F6E8_463B.zip
S1A_IW_GRDH_1SDV_20201228T055512_20201228T055537_035882_0433B6_906C.zip
S1A_IW_GRDH_1SDV_20201225T164712_20201225T164737_035845_043256_6005.zip
S1B_IW_GRDH_1SDV_20201224T165435_20201224T165500_024847_02F4D0_ED51.zip
S1B_IW_GRDH_1SDV_20201224T053828_20201224T053853_024840_02F495_D66D.zip
S1B_IW_GRDH_1SDV_20201224T053803_20201224T053828_024840_02F495_AA49.zip
S1A_IW_GRDH_1SDV_20201223T170325_20201223T170350_035816_043152_A85C.zip
Search parameters:
{'intersectsWith': 'POLYGON ((8.384363594484162 61.85886752271226, 8.384363594484162 61.92393287639213, 8.076201222134252 61.92393287639213, 8.076201222134252 61.85886752271226, 8.384363594484162 61.85886752271226))', 'platform': 'Sentinel-1', 'processingLevel': 'GRD_HD', 'beamMode': 'IW', 'polarization': 'VV+VH', 'flightDirection': None, 'start': datetime.date(2020, 1, 1), 'end': datetime.date(2020, 12, 31), 'maxResults': 10}

[INFO] Search complete, images found: 10.
S1A_IW_GRDH_1SDV_20201230T165515_20201230T165540_035918_0434F0_3430.zip
Raster already downloaded ------> SKIPPING
S1A_IW_GRDH_1SDV_20201230T165450_20201230T165515_035918_0434F0_725B.zip
S1B_IW_GRDH_1SDV_20201229T170242_20201229T170307_024920_02F722_739F.zip
S1B_IW_GRDH_1SDV_20201229T054703_20201229T054728_024913_02F6E8_6EE7.zip
S1A_IW_GRDH_1SDV_20201228T171131_20201228T171156_035889_0433FC_1FB0.zip
S1A_IW_GRDH_1SDV_20201228T055537_20201228T055602_035882_0433B6_E86B.zip
S1B_IW_GRDH_1SDV_20201224T165435_20201224T165500_024847_02F4D0_ED51.zip
S1B_IW_GRDH_1SDV_20201224T165410_20201224T165435_024847_02F4D0_4D5F.zip
S1A_IW_GRDH_1SDV_20201223T170325_20201223T170350_035816_043152_A85C.zip
S1A_IW_GRDH_1SDV_20201223T054728_20201223T054753_035809_043117_1262.zip
Search parameters:
{'intersectsWith': 'POLYGON ((9.1418860488007 62.03935400146219, 9.1418860488007 62.28138975749103, 8.154255766620631 62.28138975749103, 8.154255766620631 62.03935400146219, 9.1418860488007 62.03935400146219))', 'platform': 'Sentinel-1', 'processingLevel': 'GRD_HD', 'beamMode': 'IW', 'polarization': 'VV+VH', 'flightDirection': None, 'start': datetime.date(2020, 1, 1), 'end': datetime.date(2020, 12, 31), 'maxResults': 10}

[INFO] Search complete, images found: 10.
S1A_IW_GRDH_1SDV_20201230T165515_20201230T165540_035918_0434F0_3430.zip
Raster already downloaded ------> SKIPPING
S1A_IW_GRDH_1SDV_20201230T053918_20201230T053943_035911_0434B3_D137.zip
S1B_IW_GRDH_1SDV_20201229T170242_20201229T170307_024920_02F722_739F.zip
S1B_IW_GRDH_1SDV_20201229T054638_20201229T054703_024913_02F6E8_463B.zip
S1A_IW_GRDH_1SDV_20201228T171131_20201228T171156_035889_0433FC_1FB0.zip
S1A_IW_GRDH_1SDV_20201228T055537_20201228T055602_035882_0433B6_E86B.zip
S1B_IW_GRDH_1SDV_20201224T165435_20201224T165500_024847_02F4D0_ED51.zip
S1B_IW_GRDH_1SDV_20201224T053828_20201224T053853_024840_02F495_D66D.zip
S1A_IW_GRDH_1SDV_20201223T170325_20201223T170350_035816_043152_A85C.zip
S1A_IW_GRDH_1SDV_20201223T054728_20201223T054753_035809_043117_1262.zip
Search parameters:
{'intersectsWith': 'POLYGON ((11.1016661488231 63.05483054819076, 11.1016661488231 63.31615380086077, 10.5096843526434 63.31615380086077, 10.5096843526434 63.05483054819076, 11.1016661488231 63.05483054819076))', 'platform': 'Sentinel-1', 'processingLevel': 'GRD_HD', 'beamMode': 'IW', 'polarization': 'VV+VH', 'flightDirection': None, 'start': datetime.date(2020, 1, 1), 'end': datetime.date(2020, 12, 31), 'maxResults': 10}

[INFO] Search complete, images found: 10.
S1A_IW_GRDH_1SDV_20201230T165515_20201230T165540_035918_0434F0_3430.zip
Raster already downloaded ------> SKIPPING
S1A_IW_GRDH_1SDV_20201230T053853_20201230T053918_035911_0434B3_4FAD.zip
S1B_IW_GRDH_1SDV_20201229T170242_20201229T170307_024920_02F722_739F.zip
S1B_IW_GRDH_1SDV_20201229T054638_20201229T054703_024913_02F6E8_463B.zip
S1B_IW_GRDH_1SDV_20201229T054613_20201229T054638_024913_02F6E8_458F.zip
S1A_IW_GRDH_1SDV_20201228T055512_20201228T055537_035882_0433B6_906C.zip
S1A_IW_GRDH_1SDV_20201225T164712_20201225T164737_035845_043256_6005.zip
S1B_IW_GRDH_1SDV_20201224T165435_20201224T165500_024847_02F4D0_ED51.zip
S1B_IW_GRDH_1SDV_20201224T053828_20201224T053853_024840_02F495_D66D.zip
S1B_IW_GRDH_1SDV_20201224T053803_20201224T053828_024840_02F495_AA49.zip
Search parameters:
{'intersectsWith': 'POLYGON ((9.546490437012569 62.64196519648274, 9.546490437012569 62.72974108696006, 9.177479886159659 62.72974108696006, 9.177479886159659 62.64196519648274, 9.546490437012569 62.64196519648274))', 'platform': 'Sentinel-1', 'processingLevel': 'GRD_HD', 'beamMode': 'IW', 'polarization': 'VV+VH', 'flightDirection': None, 'start': datetime.date(2020, 1, 1), 'end': datetime.date(2020, 12, 31), 'maxResults': 10}

[INFO] Search complete, images found: 10.
S1A_IW_GRDH_1SDV_20201230T165515_20201230T165540_035918_0434F0_3430.zip
Raster already downloaded ------> SKIPPING
S1A_IW_GRDH_1SDV_20201230T053918_20201230T053943_035911_0434B3_D137.zip
S1B_IW_GRDH_1SDV_20201229T170242_20201229T170307_024920_02F722_739F.zip
S1B_IW_GRDH_1SDV_20201229T054638_20201229T054703_024913_02F6E8_463B.zip
S1A_IW_GRDH_1SDV_20201228T055537_20201228T055602_035882_0433B6_E86B.zip
S1B_IW_GRDH_1SDV_20201224T165435_20201224T165500_024847_02F4D0_ED51.zip
S1B_IW_GRDH_1SDV_20201224T053828_20201224T053853_024840_02F495_D66D.zip
S1A_IW_GRDH_1SDV_20201223T170325_20201223T170350_035816_043152_A85C.zip
S1A_IW_GRDH_1SDV_20201223T054728_20201223T054753_035809_043117_1262.zip
S1B_IW_GRDH_1SDV_20201222T055441_20201222T055506_024811_02F3AC_12E2.zip
Search parameters:
{'intersectsWith': 'POLYGON ((10.66970333261158 63.29860284914687, 10.66970333261158 63.477779164279, 10.34014893568708 63.477779164279, 10.34014893568708 63.29860284914687, 10.66970333261158 63.29860284914687))', 'platform': 'Sentinel-1', 'processingLevel': 'GRD_HD', 'beamMode': 'IW', 'polarization': 'VV+VH', 'flightDirection': None, 'start': datetime.date(2020, 1, 1), 'end': datetime.date(2020, 12, 31), 'maxResults': 10}

[INFO] Search complete, images found: 10.
S1A_IW_GRDH_1SDV_20201230T165515_20201230T165540_035918_0434F0_3430.zip
Raster already downloaded ------> SKIPPING
S1A_IW_GRDH_1SDV_20201230T053853_20201230T053918_035911_0434B3_4FAD.zip
S1B_IW_GRDH_1SDV_20201229T170307_20201229T170332_024920_02F722_6B57.zip
S1B_IW_GRDH_1SDV_20201229T170242_20201229T170307_024920_02F722_739F.zip
S1B_IW_GRDH_1SDV_20201229T054638_20201229T054703_024913_02F6E8_463B.zip
S1B_IW_GRDH_1SDV_20201229T054613_20201229T054638_024913_02F6E8_458F.zip
S1A_IW_GRDH_1SDV_20201228T055512_20201228T055537_035882_0433B6_906C.zip
S1A_IW_GRDH_1SDV_20201225T164712_20201225T164737_035845_043256_6005.zip
S1B_IW_GRDH_1SDV_20201224T165435_20201224T165500_024847_02F4D0_ED51.zip
S1B_IW_GRDH_1SDV_20201224T053803_20201224T053828_024840_02F495_AA49.zip
Search parameters:
{'intersectsWith': 'POLYGON ((7.871624896160232 62.49649034924972, 7.871624896160232 62.61034104793703, 7.651348075927465 62.61034104793703, 7.651348075927465 62.49649034924972, 7.871624896160232 62.49649034924972))', 'platform': 'Sentinel-1', 'processingLevel': 'GRD_HD', 'beamMode': 'IW', 'polarization': 'VV+VH', 'flightDirection': None, 'start': datetime.date(2020, 1, 1), 'end': datetime.date(2020, 12, 31), 'maxResults': 10}

[INFO] Search complete, images found: 10.
S1A_IW_GRDH_1SDV_20201230T165515_20201230T165540_035918_0434F0_3430.zip
Raster already downloaded ------> SKIPPING
S1B_IW_GRDH_1SDV_20201229T170242_20201229T170307_024920_02F722_739F.zip
S1B_IW_GRDH_1SDV_20201229T054638_20201229T054703_024913_02F6E8_463B.zip
S1A_IW_GRDH_1SDV_20201228T171131_20201228T171156_035889_0433FC_1FB0.zip
S1A_IW_GRDH_1SDV_20201228T055537_20201228T055602_035882_0433B6_E86B.zip
S1B_IW_GRDH_1SDV_20201227T060259_20201227T060324_024884_02F5F6_9F31.zip
S1B_IW_GRDH_1SDV_20201224T165435_20201224T165500_024847_02F4D0_ED51.zip
S1A_IW_GRDH_1SDV_20201223T170325_20201223T170350_035816_043152_A85C.zip
S1A_IW_GRDH_1SDV_20201223T054728_20201223T054753_035809_043117_1262.zip
S1B_IW_GRDH_1SDV_20201222T171100_20201222T171125_024818_02F3DF_C15A.zip
Search parameters:
{'intersectsWith': 'POLYGON ((12.13541012585052 61.83491603400763, 12.13541012585052 62.74464089979131, 11.43945586106838 62.74464089979131, 11.43945586106838 61.83491603400763, 12.13541012585052 61.83491603400763))', 'platform': 'Sentinel-1', 'processingLevel': 'GRD_HD', 'beamMode': 'IW', 'polarization': 'VV+VH', 'flightDirection': None, 'start': datetime.date(2020, 1, 1), 'end': datetime.date(2020, 12, 31), 'maxResults': 10}

[INFO] Search complete, images found: 10.
S1A_IW_GRDH_1SDV_20201230T165515_20201230T165540_035918_0434F0_3430.zip
Raster already downloaded ------> SKIPPING
S1A_IW_GRDH_1SDV_20201230T165450_20201230T165515_035918_0434F0_725B.zip
S1A_IW_GRDH_1SDV_20201230T053918_20201230T053943_035911_0434B3_D137.zip
S1A_IW_GRDH_1SDV_20201230T053853_20201230T053918_035911_0434B3_4FAD.zip
S1B_IW_GRDH_1SDV_20201229T054638_20201229T054703_024913_02F6E8_463B.zip
S1B_IW_GRDH_1SDV_20201226T163818_20201226T163847_024876_02F5BF_9E63.zip
S1A_IW_GRDH_1SDV_20201225T164712_20201225T164737_035845_043256_6005.zip
S1A_IW_GRDH_1SDV_20201225T164647_20201225T164712_035845_043256_B042.zip
S1A_IW_GRDH_1SDV_20201225T053120_20201225T053145_035838_043216_5FB6.zip
S1A_IW_GRDH_1SDV_20201225T053055_20201225T053120_035838_043216_9790.zip
Search parameters:
{'intersectsWith': 'POLYGON ((9.288368946113458 61.73118835161804, 9.288368946113458 61.97954883697425, 8.757562205418013 61.97954883697425, 8.757562205418013 61.73118835161804, 9.288368946113458 61.73118835161804))', 'platform': 'Sentinel-1', 'processingLevel': 'GRD_HD', 'beamMode': 'IW', 'polarization': 'VV+VH', 'flightDirection': None, 'start': datetime.date(2020, 1, 1), 'end': datetime.date(2020, 12, 31), 'maxResults': 10}

[INFO] Search complete, images found: 10.
S1A_IW_GRDH_1SDV_20201230T165515_20201230T165540_035918_0434F0_3430.zip
Raster already downloaded ------> SKIPPING
S1A_IW_GRDH_1SDV_20201230T165450_20201230T165515_035918_0434F0_725B.zip
S1A_IW_GRDH_1SDV_20201230T053918_20201230T053943_035911_0434B3_D137.zip
S1B_IW_GRDH_1SDV_20201229T170242_20201229T170307_024920_02F722_739F.zip
S1B_IW_GRDH_1SDV_20201229T170217_20201229T170242_024920_02F722_60A5.zip
S1B_IW_GRDH_1SDV_20201229T054703_20201229T054728_024913_02F6E8_6EE7.zip
S1B_IW_GRDH_1SDV_20201229T054638_20201229T054703_024913_02F6E8_463B.zip
S1A_IW_GRDH_1SDV_20201228T171131_20201228T171156_035889_0433FC_1FB0.zip
S1A_IW_GRDH_1SDV_20201228T055537_20201228T055602_035882_0433B6_E86B.zip
S1B_IW_GRDH_1SDV_20201224T165410_20201224T165435_024847_02F4D0_4D5F.zip
Search parameters:
{'intersectsWith': 'POLYGON ((9.079697696040261 62.95993258324671, 9.079697696040261 63.01813476436216, 8.619141633831202 63.01813476436216, 8.619141633831202 62.95993258324671, 9.079697696040261 62.95993258324671))', 'platform': 'Sentinel-1', 'processingLevel': 'GRD_HD', 'beamMode': 'IW', 'polarization': 'VV+VH', 'flightDirection': None, 'start': datetime.date(2020, 1, 1), 'end': datetime.date(2020, 12, 31), 'maxResults': 10}

[INFO] Search complete, images found: 10.
S1A_IW_GRDH_1SDV_20201230T165515_20201230T165540_035918_0434F0_3430.zip
Raster already downloaded ------> SKIPPING
S1B_IW_GRDH_1SDV_20201229T170242_20201229T170307_024920_02F722_739F.zip
S1B_IW_GRDH_1SDV_20201229T054638_20201229T054703_024913_02F6E8_463B.zip
S1A_IW_GRDH_1SDV_20201228T055537_20201228T055602_035882_0433B6_E86B.zip
S1B_IW_GRDH_1SDV_20201224T165435_20201224T165500_024847_02F4D0_ED51.zip
S1A_IW_GRDH_1SDV_20201223T170325_20201223T170350_035816_043152_A85C.zip
S1A_IW_GRDH_1SDV_20201223T054703_20201223T054728_035809_043117_6B58.zip
S1B_IW_GRDH_1SDV_20201222T171100_20201222T171125_024818_02F3DF_C15A.zip
S1B_IW_GRDH_1SDV_20201222T055441_20201222T055506_024811_02F3AC_12E2.zip
S1A_IW_GRDH_1SDV_20201218T165516_20201218T165541_035743_042EC4_BA7A.zip
Search parameters:
{'intersectsWith': 'POLYGON ((11.23822580268974 63.39437824428834, 11.23822580268974 63.49323539480829, 10.87229872276256 63.49323539480829, 10.87229872276256 63.39437824428834, 11.23822580268974 63.39437824428834))', 'platform': 'Sentinel-1', 'processingLevel': 'GRD_HD', 'beamMode': 'IW', 'polarization': 'VV+VH', 'flightDirection': None, 'start': datetime.date(2020, 1, 1), 'end': datetime.date(2020, 12, 31), 'maxResults': 10}

[INFO] Search complete, images found: 10.
S1A_IW_GRDH_1SDV_20201230T165515_20201230T165540_035918_0434F0_3430.zip
Raster already downloaded ------> SKIPPING
S1A_IW_GRDH_1SDV_20201230T053853_20201230T053918_035911_0434B3_4FAD.zip
S1B_IW_GRDH_1SDV_20201229T054613_20201229T054638_024913_02F6E8_458F.zip
S1A_IW_GRDH_1SDV_20201225T164712_20201225T164737_035845_043256_6005.zip
S1B_IW_GRDH_1SDV_20201224T165435_20201224T165500_024847_02F4D0_ED51.zip
S1B_IW_GRDH_1SDV_20201224T053803_20201224T053828_024840_02F495_AA49.zip
S1A_IW_GRDH_1SDV_20201223T054703_20201223T054728_035809_043117_6B58.zip
S1B_IW_GRDH_1SDV_20201219T164630_20201219T164655_024774_02F27B_9094.zip
S1A_IW_GRDH_1SDV_20201218T165516_20201218T165541_035743_042EC4_BA7A.zip
S1A_IW_GRDH_1SDV_20201218T053853_20201218T053918_035736_042E8D_4A3D.zip
Search parameters:
{'intersectsWith': 'POLYGON ((9.363131239897394 62.84460972347832, 9.363131239897394 63.129214229021, 8.783202667237864 63.129214229021, 8.783202667237864 62.84460972347832, 9.363131239897394 62.84460972347832))', 'platform': 'Sentinel-1', 'processingLevel': 'GRD_HD', 'beamMode': 'IW', 'polarization': 'VV+VH', 'flightDirection': None, 'start': datetime.date(2020, 1, 1), 'end': datetime.date(2020, 12, 31), 'maxResults': 10}

[INFO] Search complete, images found: 10.
S1A_IW_GRDH_1SDV_20201230T165515_20201230T165540_035918_0434F0_3430.zip
Raster already downloaded ------> SKIPPING
S1A_IW_GRDH_1SDV_20201230T053853_20201230T053918_035911_0434B3_4FAD.zip
S1B_IW_GRDH_1SDV_20201229T170242_20201229T170307_024920_02F722_739F.zip
S1B_IW_GRDH_1SDV_20201229T054638_20201229T054703_024913_02F6E8_463B.zip
S1A_IW_GRDH_1SDV_20201228T055537_20201228T055602_035882_0433B6_E86B.zip
S1A_IW_GRDH_1SDV_20201228T055512_20201228T055537_035882_0433B6_906C.zip
S1B_IW_GRDH_1SDV_20201224T165435_20201224T165500_024847_02F4D0_ED51.zip
S1B_IW_GRDH_1SDV_20201224T053828_20201224T053853_024840_02F495_D66D.zip
S1A_IW_GRDH_1SDV_20201223T170325_20201223T170350_035816_043152_A85C.zip
S1A_IW_GRDH_1SDV_20201223T054728_20201223T054753_035809_043117_1262.zip
Downloading the following results:
{'type': 'FeatureCollection', 'features': [{'type': 'Feature', 'geometry': {'coordinates': [[[13.030457, 62.303043], [13.500573, 60.812511], [8.728388, 60.369339], [8.030103, 61.851166], [13.030457, 62.303043]]], 'type': 'Polygon'}, 'properties': {'beamModeType': 'IW', 'browse': ['https://datapool.asf.alaska.edu/BROWSE/SA/S1A_IW_GRDH_1SDV_20201230T165450_20201230T165515_035918_0434F0_725B.jpg'], 'bytes': '922175295', 'faradayRotation': None, 'fileID': 'S1A_IW_GRDH_1SDV_20201230T165450_20201230T165515_035918_0434F0_725B-GRD_HD', 'fileName': 'S1A_IW_GRDH_1SDV_20201230T165450_20201230T165515_035918_0434F0_725B.zip', 'flightDirection': 'ASCENDING', 'frameNumber': '198', 'granuleType': 'SENTINEL_1A_FRAME', 'groupID': 'S1A_IWDV_0197_0204_035918_146', 'insarStackId': None, 'md5sum': '57151ce595aa25be91d65ec5f693f68f', 'offNadirAngle': None, 'orbit': '35918', 'pathNumber': '146', 'platform': 'Sentinel-1A', 'pointingAngle': None, 'polarization': 'VV+VH', 'processingDate': '2020-12-30T16:54:50.000000', 'processingLevel': 'GRD_HD', 'sceneName': 'S1A_IW_GRDH_1SDV_20201230T165450_20201230T165515_035918_0434F0_725B', 'sensor': 'C-SAR', 'startTime': '2020-12-30T16:54:50.000000', 'stopTime': '2020-12-30T16:55:15.000000', 'url': 'https://datapool.asf.alaska.edu/GRD_HD/SA/S1A_IW_GRDH_1SDV_20201230T165450_20201230T165515_035918_0434F0_725B.zip'}}, {'type': 'Feature', 'geometry': {'coordinates': [[[8.585632, 61.346558], [9.073461, 62.836147], [14.143882, 62.382057], [13.420277, 60.90197], [8.585632, 61.346558]]], 'type': 'Polygon'}, 'properties': {'beamModeType': 'IW', 'browse': ['https://datapool.asf.alaska.edu/BROWSE/SA/S1A_IW_GRDH_1SDV_20201230T053918_20201230T053943_035911_0434B3_D137.jpg'], 'bytes': '912129954', 'faradayRotation': None, 'fileID': 'S1A_IW_GRDH_1SDV_20201230T053918_20201230T053943_035911_0434B3_D137-GRD_HD', 'fileName': 'S1A_IW_GRDH_1SDV_20201230T053918_20201230T053943_035911_0434B3_D137.zip', 'flightDirection': 'DESCENDING', 'frameNumber': '386', 'granuleType': 'SENTINEL_1A_FRAME', 'groupID': 'S1A_IWDV_0385_0392_035911_139', 'insarStackId': None, 'md5sum': '27daaa28a3bb2bbb2af484013f3e4f48', 'offNadirAngle': None, 'orbit': '35911', 'pathNumber': '139', 'platform': 'Sentinel-1A', 'pointingAngle': None, 'polarization': 'VV+VH', 'processingDate': '2020-12-30T05:39:18.000000', 'processingLevel': 'GRD_HD', 'sceneName': 'S1A_IW_GRDH_1SDV_20201230T053918_20201230T053943_035911_0434B3_D137', 'sensor': 'C-SAR', 'startTime': '2020-12-30T05:39:18.000000', 'stopTime': '2020-12-30T05:39:43.000000', 'url': 'https://datapool.asf.alaska.edu/GRD_HD/SA/S1A_IW_GRDH_1SDV_20201230T053918_20201230T053943_035911_0434B3_D137.zip'}}, {'type': 'Feature', 'geometry': {'coordinates': [[[9.071746, 62.836357], [9.601931, 64.32399], [14.937048, 63.858013], [14.143928, 62.382145], [9.071746, 62.836357]]], 'type': 'Polygon'}, 'properties': {'beamModeType': 'IW', 'browse': ['https://datapool.asf.alaska.edu/BROWSE/SA/S1A_IW_GRDH_1SDV_20201230T053853_20201230T053918_035911_0434B3_4FAD.jpg'], 'bytes': '918074258', 'faradayRotation': None, 'fileID': 'S1A_IW_GRDH_1SDV_20201230T053853_20201230T053918_035911_0434B3_4FAD-GRD_HD', 'fileName': 'S1A_IW_GRDH_1SDV_20201230T053853_20201230T053918_035911_0434B3_4FAD.zip', 'flightDirection': 'DESCENDING', 'frameNumber': '381', 'granuleType': 'SENTINEL_1A_FRAME', 'groupID': 'S1A_IWDV_0380_0387_035911_139', 'insarStackId': None, 'md5sum': '305faba73e8dce6c5f1de0f685975ed0', 'offNadirAngle': None, 'orbit': '35911', 'pathNumber': '139', 'platform': 'Sentinel-1A', 'pointingAngle': None, 'polarization': 'VV+VH', 'processingDate': '2020-12-30T05:38:53.000000', 'processingLevel': 'GRD_HD', 'sceneName': 'S1A_IW_GRDH_1SDV_20201230T053853_20201230T053918_035911_0434B3_4FAD', 'sensor': 'C-SAR', 'startTime': '2020-12-30T05:38:53.000000', 'stopTime': '2020-12-30T05:39:18.000000', 'url': 'https://datapool.asf.alaska.edu/GRD_HD/SA/S1A_IW_GRDH_1SDV_20201230T053853_20201230T053918_035911_0434B3_4FAD.zip'}}, {'type': 'Feature', 'geometry': {'coordinates': [[[9.999372, 64.941803], [10.543432, 63.45443], [5.321589, 62.989883], [4.499865, 64.4645], [9.999372, 64.941803]]], 'type': 'Polygon'}, 'properties': {'beamModeType': 'IW', 'browse': ['https://datapool.asf.alaska.edu/BROWSE/SB/S1B_IW_GRDH_1SDV_20201229T170307_20201229T170332_024920_02F722_6B57.jpg'], 'bytes': '742638231', 'faradayRotation': None, 'fileID': 'S1B_IW_GRDH_1SDV_20201229T170307_20201229T170332_024920_02F722_6B57-GRD_HD', 'fileName': 'S1B_IW_GRDH_1SDV_20201229T170307_20201229T170332_024920_02F722_6B57.zip', 'flightDirection': 'ASCENDING', 'frameNumber': '207', 'granuleType': 'SENTINEL_1B_FRAME', 'groupID': 'S1B_IWDV_0206_0213_024920_044', 'insarStackId': None, 'md5sum': '0816ee05903c4cf3a6152fc1dfb71de7', 'offNadirAngle': None, 'orbit': '24920', 'pathNumber': '44', 'platform': 'Sentinel-1B', 'pointingAngle': None, 'polarization': 'VV+VH', 'processingDate': '2020-12-29T17:03:07.000000', 'processingLevel': 'GRD_HD', 'sceneName': 'S1B_IW_GRDH_1SDV_20201229T170307_20201229T170332_024920_02F722_6B57', 'sensor': 'C-SAR', 'startTime': '2020-12-29T17:03:07.000000', 'stopTime': '2020-12-29T17:03:32.000000', 'url': 'https://datapool.asf.alaska.edu/GRD_HD/SB/S1B_IW_GRDH_1SDV_20201229T170307_20201229T170332_024920_02F722_6B57.zip'}}, {'type': 'Feature', 'geometry': {'coordinates': [[[10.541679, 63.45422], [11.084455, 61.967945], [6.112527, 61.515503], [5.321635, 62.989799], [10.541679, 63.45422]]], 'type': 'Polygon'}, 'properties': {'beamModeType': 'IW', 'browse': ['https://datapool.asf.alaska.edu/BROWSE/SB/S1B_IW_GRDH_1SDV_20201229T170242_20201229T170307_024920_02F722_739F.jpg'], 'bytes': '910435056', 'faradayRotation': None, 'fileID': 'S1B_IW_GRDH_1SDV_20201229T170242_20201229T170307_024920_02F722_739F-GRD_HD', 'fileName': 'S1B_IW_GRDH_1SDV_20201229T170242_20201229T170307_024920_02F722_739F.zip', 'flightDirection': 'ASCENDING', 'frameNumber': '202', 'granuleType': 'SENTINEL_1B_FRAME', 'groupID': 'S1B_IWDV_0201_0208_024920_044', 'insarStackId': None, 'md5sum': '1a4c9ccbaf6f1d59bfcfc21fe3434b85', 'offNadirAngle': None, 'orbit': '24920', 'pathNumber': '44', 'platform': 'Sentinel-1B', 'pointingAngle': None, 'polarization': 'VV+VH', 'processingDate': '2020-12-29T17:02:42.000000', 'processingLevel': 'GRD_HD', 'sceneName': 'S1B_IW_GRDH_1SDV_20201229T170242_20201229T170307_024920_02F722_739F', 'sensor': 'C-SAR', 'startTime': '2020-12-29T17:02:42.000000', 'stopTime': '2020-12-29T17:03:07.000000', 'url': 'https://datapool.asf.alaska.edu/GRD_HD/SB/S1B_IW_GRDH_1SDV_20201229T170242_20201229T170307_024920_02F722_739F.zip'}}, {'type': 'Feature', 'geometry': {'coordinates': [[[11.082819, 61.967731], [11.567972, 60.478539], [6.821421, 60.035419], [6.112598, 61.515411], [11.082819, 61.967731]]], 'type': 'Polygon'}, 'properties': {'beamModeType': 'IW', 'browse': ['https://datapool.asf.alaska.edu/BROWSE/SB/S1B_IW_GRDH_1SDV_20201229T170217_20201229T170242_024920_02F722_60A5.jpg'], 'bytes': '933416590', 'faradayRotation': None, 'fileID': 'S1B_IW_GRDH_1SDV_20201229T170217_20201229T170242_024920_02F722_60A5-GRD_HD', 'fileName': 'S1B_IW_GRDH_1SDV_20201229T170217_20201229T170242_024920_02F722_60A5.zip', 'flightDirection': 'ASCENDING', 'frameNumber': '197', 'granuleType': 'SENTINEL_1B_FRAME', 'groupID': 'S1B_IWDV_0196_0203_024920_044', 'insarStackId': None, 'md5sum': 'afd7cb79b0090d35d0c86106ec5599e5', 'offNadirAngle': None, 'orbit': '24920', 'pathNumber': '44', 'platform': 'Sentinel-1B', 'pointingAngle': None, 'polarization': 'VV+VH', 'processingDate': '2020-12-29T17:02:17.000000', 'processingLevel': 'GRD_HD', 'sceneName': 'S1B_IW_GRDH_1SDV_20201229T170217_20201229T170242_024920_02F722_60A5', 'sensor': 'C-SAR', 'startTime': '2020-12-29T17:02:17.000000', 'stopTime': '2020-12-29T17:02:42.000000', 'url': 'https://datapool.asf.alaska.edu/GRD_HD/SB/S1B_IW_GRDH_1SDV_20201229T170217_20201229T170242_024920_02F722_60A5.zip'}}, {'type': 'Feature', 'geometry': {'coordinates': [[[6.275153, 60.584141], [6.745913, 62.074474], [11.743243, 61.62051], [11.046829, 60.138878], [6.275153, 60.584141]]], 'type': 'Polygon'}, 'properties': {'beamModeType': 'IW', 'browse': ['https://datapool.asf.alaska.edu/BROWSE/SB/S1B_IW_GRDH_1SDV_20201229T054703_20201229T054728_024913_02F6E8_6EE7.jpg'], 'bytes': '944647808', 'faradayRotation': None, 'fileID': 'S1B_IW_GRDH_1SDV_20201229T054703_20201229T054728_024913_02F6E8_6EE7-GRD_HD', 'fileName': 'S1B_IW_GRDH_1SDV_20201229T054703_20201229T054728_024913_02F6E8_6EE7.zip', 'flightDirection': 'DESCENDING', 'frameNumber': '388', 'granuleType': 'SENTINEL_1B_FRAME', 'groupID': 'S1B_IWDV_0388_0394_024913_037', 'insarStackId': None, 'md5sum': 'd3c6483849a1b4363341cc3fda3cd03e', 'offNadirAngle': None, 'orbit': '24913', 'pathNumber': '37', 'platform': 'Sentinel-1B', 'pointingAngle': None, 'polarization': 'VV+VH', 'processingDate': '2020-12-29T05:47:03.000000', 'processingLevel': 'GRD_HD', 'sceneName': 'S1B_IW_GRDH_1SDV_20201229T054703_20201229T054728_024913_02F6E8_6EE7', 'sensor': 'C-SAR', 'startTime': '2020-12-29T05:47:03.000000', 'stopTime': '2020-12-29T05:47:28.000000', 'url': 'https://datapool.asf.alaska.edu/GRD_HD/SB/S1B_IW_GRDH_1SDV_20201229T054703_20201229T054728_024913_02F6E8_6EE7.zip'}}, {'type': 'Feature', 'geometry': {'coordinates': [[[6.74254, 62.074806], [7.260929, 63.56266], [12.512719, 63.097313], [11.743289, 61.620602], [6.74254, 62.074806]]], 'type': 'Polygon'}, 'properties': {'beamModeType': 'IW', 'browse': ['https://datapool.asf.alaska.edu/BROWSE/SB/S1B_IW_GRDH_1SDV_20201229T054638_20201229T054703_024913_02F6E8_463B.jpg'], 'bytes': '917251782', 'faradayRotation': None, 'fileID': 'S1B_IW_GRDH_1SDV_20201229T054638_20201229T054703_024913_02F6E8_463B-GRD_HD', 'fileName': 'S1B_IW_GRDH_1SDV_20201229T054638_20201229T054703_024913_02F6E8_463B.zip', 'flightDirection': 'DESCENDING', 'frameNumber': '383', 'granuleType': 'SENTINEL_1B_FRAME', 'groupID': 'S1B_IWDV_0383_0389_024913_037', 'insarStackId': None, 'md5sum': '8400498c2c5c25ae13ddb8f745971bfe', 'offNadirAngle': None, 'orbit': '24913', 'pathNumber': '37', 'platform': 'Sentinel-1B', 'pointingAngle': None, 'polarization': 'VV+VH', 'processingDate': '2020-12-29T05:46:38.000000', 'processingLevel': 'GRD_HD', 'sceneName': 'S1B_IW_GRDH_1SDV_20201229T054638_20201229T054703_024913_02F6E8_463B', 'sensor': 'C-SAR', 'startTime': '2020-12-29T05:46:38.000000', 'stopTime': '2020-12-29T05:47:03.000000', 'url': 'https://datapool.asf.alaska.edu/GRD_HD/SB/S1B_IW_GRDH_1SDV_20201229T054638_20201229T054703_024913_02F6E8_463B.zip'}}, {'type': 'Feature', 'geometry': {'coordinates': [[[7.259171, 63.562874], [7.816086, 65.049423], [13.350223, 64.570618], [12.512767, 63.097401], [7.259171, 63.562874]]], 'type': 'Polygon'}, 'properties': {'beamModeType': 'IW', 'browse': ['https://datapool.asf.alaska.edu/BROWSE/SB/S1B_IW_GRDH_1SDV_20201229T054613_20201229T054638_024913_02F6E8_458F.jpg'], 'bytes': '884335151', 'faradayRotation': None, 'fileID': 'S1B_IW_GRDH_1SDV_20201229T054613_20201229T054638_024913_02F6E8_458F-GRD_HD', 'fileName': 'S1B_IW_GRDH_1SDV_20201229T054613_20201229T054638_024913_02F6E8_458F.zip', 'flightDirection': 'DESCENDING', 'frameNumber': '378', 'granuleType': 'SENTINEL_1B_FRAME', 'groupID': 'S1B_IWDV_0378_0384_024913_037', 'insarStackId': None, 'md5sum': '358b660f941df0c1bac7a0d5b00f3e87', 'offNadirAngle': None, 'orbit': '24913', 'pathNumber': '37', 'platform': 'Sentinel-1B', 'pointingAngle': None, 'polarization': 'VV+VH', 'processingDate': '2020-12-29T05:46:13.000000', 'processingLevel': 'GRD_HD', 'sceneName': 'S1B_IW_GRDH_1SDV_20201229T054613_20201229T054638_024913_02F6E8_458F', 'sensor': 'C-SAR', 'startTime': '2020-12-29T05:46:13.000000', 'stopTime': '2020-12-29T05:46:38.000000', 'url': 'https://datapool.asf.alaska.edu/GRD_HD/SB/S1B_IW_GRDH_1SDV_20201229T054613_20201229T054638_024913_02F6E8_458F.zip'}}, {'type': 'Feature', 'geometry': {'coordinates': [[[8.548461, 63.067448], [9.060647, 61.579147], [4.383557, 61.151676], [3.641086, 62.630054], [8.548461, 63.067448]]], 'type': 'Polygon'}, 'properties': {'beamModeType': 'IW', 'browse': ['https://datapool.asf.alaska.edu/BROWSE/SA/S1A_IW_GRDH_1SDV_20201228T171131_20201228T171156_035889_0433FC_1FB0.jpg'], 'bytes': '882052005', 'faradayRotation': None, 'fileID': 'S1A_IW_GRDH_1SDV_20201228T171131_20201228T171156_035889_0433FC_1FB0-GRD_HD', 'fileName': 'S1A_IW_GRDH_1SDV_20201228T171131_20201228T171156_035889_0433FC_1FB0.zip', 'flightDirection': 'ASCENDING', 'frameNumber': '201', 'granuleType': 'SENTINEL_1A_FRAME', 'groupID': 'S1A_IWDV_0200_0206_035889_117', 'insarStackId': None, 'md5sum': '195ea3bd9f5f6c0383217f8ab0e87f64', 'offNadirAngle': None, 'orbit': '35889', 'pathNumber': '117', 'platform': 'Sentinel-1A', 'pointingAngle': None, 'polarization': 'VV+VH', 'processingDate': '2020-12-28T17:11:31.000000', 'processingLevel': 'GRD_HD', 'sceneName': 'S1A_IW_GRDH_1SDV_20201228T171131_20201228T171156_035889_0433FC_1FB0', 'sensor': 'C-SAR', 'startTime': '2020-12-28T17:11:31.000000', 'stopTime': '2020-12-28T17:11:56.000000', 'url': 'https://datapool.asf.alaska.edu/GRD_HD/SA/S1A_IW_GRDH_1SDV_20201228T171131_20201228T171156_035889_0433FC_1FB0.zip'}}, {'type': 'Feature', 'geometry': {'coordinates': [[[4.612989, 61.866901], [5.147277, 63.353588], [10.311947, 62.894684], [9.532797, 61.419498], [4.612989, 61.866901]]], 'type': 'Polygon'}, 'properties': {'beamModeType': 'IW', 'browse': ['https://datapool.asf.alaska.edu/BROWSE/SA/S1A_IW_GRDH_1SDV_20201228T055537_20201228T055602_035882_0433B6_E86B.jpg'], 'bytes': '899833889', 'faradayRotation': None, 'fileID': 'S1A_IW_GRDH_1SDV_20201228T055537_20201228T055602_035882_0433B6_E86B-GRD_HD', 'fileName': 'S1A_IW_GRDH_1SDV_20201228T055537_20201228T055602_035882_0433B6_E86B.zip', 'flightDirection': 'DESCENDING', 'frameNumber': '384', 'granuleType': 'SENTINEL_1A_FRAME', 'groupID': 'S1A_IWDV_0383_0390_035882_110', 'insarStackId': None, 'md5sum': '949ed182e0477e4f3cb5bfd3134c1c49', 'offNadirAngle': None, 'orbit': '35882', 'pathNumber': '110', 'platform': 'Sentinel-1A', 'pointingAngle': None, 'polarization': 'VV+VH', 'processingDate': '2020-12-28T05:55:37.000000', 'processingLevel': 'GRD_HD', 'sceneName': 'S1A_IW_GRDH_1SDV_20201228T055537_20201228T055602_035882_0433B6_E86B', 'sensor': 'C-SAR', 'startTime': '2020-12-28T05:55:37.000000', 'stopTime': '2020-12-28T05:56:02.000000', 'url': 'https://datapool.asf.alaska.edu/GRD_HD/SA/S1A_IW_GRDH_1SDV_20201228T055537_20201228T055602_035882_0433B6_E86B.zip'}}, {'type': 'Feature', 'geometry': {'coordinates': [[[5.145533, 63.353802], [5.701677, 64.840263], [11.141655, 64.368202], [10.311995, 62.894772], [5.145533, 63.353802]]], 'type': 'Polygon'}, 'properties': {'beamModeType': 'IW', 'browse': ['https://datapool.asf.alaska.edu/BROWSE/SA/S1A_IW_GRDH_1SDV_20201228T055512_20201228T055537_035882_0433B6_906C.jpg'], 'bytes': '833005405', 'faradayRotation': None, 'fileID': 'S1A_IW_GRDH_1SDV_20201228T055512_20201228T055537_035882_0433B6_906C-GRD_HD', 'fileName': 'S1A_IW_GRDH_1SDV_20201228T055512_20201228T055537_035882_0433B6_906C.zip', 'flightDirection': 'DESCENDING', 'frameNumber': '379', 'granuleType': 'SENTINEL_1A_FRAME', 'groupID': 'S1A_IWDV_0378_0385_035882_110', 'insarStackId': None, 'md5sum': '6a06f8c47f1128aaafefc9b811c9b63e', 'offNadirAngle': None, 'orbit': '35882', 'pathNumber': '110', 'platform': 'Sentinel-1A', 'pointingAngle': None, 'polarization': 'VV+VH', 'processingDate': '2020-12-28T05:55:12.000000', 'processingLevel': 'GRD_HD', 'sceneName': 'S1A_IW_GRDH_1SDV_20201228T055512_20201228T055537_035882_0433B6_906C', 'sensor': 'C-SAR', 'startTime': '2020-12-28T05:55:12.000000', 'stopTime': '2020-12-28T05:55:37.000000', 'url': 'https://datapool.asf.alaska.edu/GRD_HD/SA/S1A_IW_GRDH_1SDV_20201228T055512_20201228T055537_035882_0433B6_906C.zip'}}, {'type': 'Feature', 'geometry': {'coordinates': [[[2.763576, 62.42767], [3.301027, 63.914639], [8.602033, 63.446896], [7.807753, 61.97192], [2.763576, 62.42767]]], 'type': 'Polygon'}, 'properties': {'beamModeType': 'IW', 'browse': ['https://datapool.asf.alaska.edu/BROWSE/SB/S1B_IW_GRDH_1SDV_20201227T060259_20201227T060324_024884_02F5F6_9F31.jpg'], 'bytes': '838438901', 'faradayRotation': None, 'fileID': 'S1B_IW_GRDH_1SDV_20201227T060259_20201227T060324_024884_02F5F6_9F31-GRD_HD', 'fileName': 'S1B_IW_GRDH_1SDV_20201227T060259_20201227T060324_024884_02F5F6_9F31.zip', 'flightDirection': 'DESCENDING', 'frameNumber': '382', 'granuleType': 'SENTINEL_1B_FRAME', 'groupID': 'S1B_IWDV_0381_0388_024884_008', 'insarStackId': None, 'md5sum': '8bf15fd88ad9ad94234de6f6cd00f947', 'offNadirAngle': None, 'orbit': '24884', 'pathNumber': '8', 'platform': 'Sentinel-1B', 'pointingAngle': None, 'polarization': 'VV+VH', 'processingDate': '2020-12-27T06:02:59.000000', 'processingLevel': 'GRD_HD', 'sceneName': 'S1B_IW_GRDH_1SDV_20201227T060259_20201227T060324_024884_02F5F6_9F31', 'sensor': 'C-SAR', 'startTime': '2020-12-27T06:02:59.000000', 'stopTime': '2020-12-27T06:03:24.000000', 'url': 'https://datapool.asf.alaska.edu/GRD_HD/SB/S1B_IW_GRDH_1SDV_20201227T060259_20201227T060324_024884_02F5F6_9F31.zip'}}, {'type': 'Feature', 'geometry': {'coordinates': [[[16.198986, 64.719612], [16.831156, 62.99263], [11.947413, 62.557987], [11.016713, 64.271431], [16.198986, 64.719612]]], 'type': 'Polygon'}, 'properties': {'beamModeType': 'IW', 'browse': ['https://datapool.asf.alaska.edu/BROWSE/SB/S1B_IW_GRDH_1SDV_20201226T163818_20201226T163847_024876_02F5BF_9E63.jpg'], 'bytes': '1021349059', 'faradayRotation': None, 'fileID': 'S1B_IW_GRDH_1SDV_20201226T163818_20201226T163847_024876_02F5BF_9E63-GRD_HD', 'fileName': 'S1B_IW_GRDH_1SDV_20201226T163818_20201226T163847_024876_02F5BF_9E63.zip', 'flightDirection': 'ASCENDING', 'frameNumber': '205', 'granuleType': 'SENTINEL_1B_FRAME', 'groupID': 'S1B_IWDV_0205_0212_024876_175', 'insarStackId': None, 'md5sum': '965d60eee26bf11ccb66331c7a58a6ac', 'offNadirAngle': None, 'orbit': '24876', 'pathNumber': '175', 'platform': 'Sentinel-1B', 'pointingAngle': None, 'polarization': 'VV+VH', 'processingDate': '2020-12-26T16:38:18.000000', 'processingLevel': 'GRD_HD', 'sceneName': 'S1B_IW_GRDH_1SDV_20201226T163818_20201226T163847_024876_02F5BF_9E63', 'sensor': 'C-SAR', 'startTime': '2020-12-26T16:38:18.000000', 'stopTime': '2020-12-26T16:38:47.000000', 'url': 'https://datapool.asf.alaska.edu/GRD_HD/SB/S1B_IW_GRDH_1SDV_20201226T163818_20201226T163847_024876_02F5BF_9E63.zip'}}, {'type': 'Feature', 'geometry': {'coordinates': [[[14.320801, 64.402191], [14.876951, 62.916119], [9.76953, 62.459156], [8.948112, 63.932358], [14.320801, 64.402191]]], 'type': 'Polygon'}, 'properties': {'beamModeType': 'IW', 'browse': ['https://datapool.asf.alaska.edu/BROWSE/SA/S1A_IW_GRDH_1SDV_20201225T164712_20201225T164737_035845_043256_6005.jpg'], 'bytes': '902980103', 'faradayRotation': None, 'fileID': 'S1A_IW_GRDH_1SDV_20201225T164712_20201225T164737_035845_043256_6005-GRD_HD', 'fileName': 'S1A_IW_GRDH_1SDV_20201225T164712_20201225T164737_035845_043256_6005.zip', 'flightDirection': 'ASCENDING', 'frameNumber': '205', 'granuleType': 'SENTINEL_1A_FRAME', 'groupID': 'S1A_IWDV_0204_0211_035845_073', 'insarStackId': None, 'md5sum': '73c0ca34df7c883c13f1b4c0a43f9d13', 'offNadirAngle': None, 'orbit': '35845', 'pathNumber': '73', 'platform': 'Sentinel-1A', 'pointingAngle': None, 'polarization': 'VV+VH', 'processingDate': '2020-12-25T16:47:12.000000', 'processingLevel': 'GRD_HD', 'sceneName': 'S1A_IW_GRDH_1SDV_20201225T164712_20201225T164737_035845_043256_6005', 'sensor': 'C-SAR', 'startTime': '2020-12-25T16:47:12.000000', 'stopTime': '2020-12-25T16:47:37.000000', 'url': 'https://datapool.asf.alaska.edu/GRD_HD/SA/S1A_IW_GRDH_1SDV_20201225T164712_20201225T164737_035845_043256_6005.zip'}}, {'type': 'Feature', 'geometry': {'coordinates': [[[14.875228, 62.915905], [15.359831, 61.425999], [10.492397, 60.978638], [9.769571, 62.459064], [14.875228, 62.915905]]], 'type': 'Polygon'}, 'properties': {'beamModeType': 'IW', 'browse': ['https://datapool.asf.alaska.edu/BROWSE/SA/S1A_IW_GRDH_1SDV_20201225T164647_20201225T164712_035845_043256_B042.jpg'], 'bytes': '893377489', 'faradayRotation': None, 'fileID': 'S1A_IW_GRDH_1SDV_20201225T164647_20201225T164712_035845_043256_B042-GRD_HD', 'fileName': 'S1A_IW_GRDH_1SDV_20201225T164647_20201225T164712_035845_043256_B042.zip', 'flightDirection': 'ASCENDING', 'frameNumber': '200', 'granuleType': 'SENTINEL_1A_FRAME', 'groupID': 'S1A_IWDV_0199_0206_035845_073', 'insarStackId': None, 'md5sum': '9837d1442bb23f180d6aa13a6109b3cc', 'offNadirAngle': None, 'orbit': '35845', 'pathNumber': '73', 'platform': 'Sentinel-1A', 'pointingAngle': None, 'polarization': 'VV+VH', 'processingDate': '2020-12-25T16:46:47.000000', 'processingLevel': 'GRD_HD', 'sceneName': 'S1A_IW_GRDH_1SDV_20201225T164647_20201225T164712_035845_043256_B042', 'sensor': 'C-SAR', 'startTime': '2020-12-25T16:46:47.000000', 'stopTime': '2020-12-25T16:47:12.000000', 'url': 'https://datapool.asf.alaska.edu/GRD_HD/SA/S1A_IW_GRDH_1SDV_20201225T164647_20201225T164712_035845_043256_B042.zip'}}, {'type': 'Feature', 'geometry': {'coordinates': [[[10.348179, 60.392994], [10.818135, 61.883244], [15.736667, 61.435123], [15.046213, 59.953342], [10.348179, 60.392994]]], 'type': 'Polygon'}, 'properties': {'beamModeType': 'IW', 'browse': ['https://datapool.asf.alaska.edu/BROWSE/SA/S1A_IW_GRDH_1SDV_20201225T053120_20201225T053145_035838_043216_5FB6.jpg'], 'bytes': '914874463', 'faradayRotation': None, 'fileID': 'S1A_IW_GRDH_1SDV_20201225T053120_20201225T053145_035838_043216_5FB6-GRD_HD', 'fileName': 'S1A_IW_GRDH_1SDV_20201225T053120_20201225T053145_035838_043216_5FB6.zip', 'flightDirection': 'DESCENDING', 'frameNumber': '389', 'granuleType': 'SENTINEL_1A_FRAME', 'groupID': 'S1A_IWDV_0388_0395_035838_066', 'insarStackId': None, 'md5sum': '5e5a9a4c4b6b3b316bed74c6ebcd9443', 'offNadirAngle': None, 'orbit': '35838', 'pathNumber': '66', 'platform': 'Sentinel-1A', 'pointingAngle': None, 'polarization': 'VV+VH', 'processingDate': '2020-12-25T05:31:20.000000', 'processingLevel': 'GRD_HD', 'sceneName': 'S1A_IW_GRDH_1SDV_20201225T053120_20201225T053145_035838_043216_5FB6', 'sensor': 'C-SAR', 'startTime': '2020-12-25T05:31:20.000000', 'stopTime': '2020-12-25T05:31:45.000000', 'url': 'https://datapool.asf.alaska.edu/GRD_HD/SA/S1A_IW_GRDH_1SDV_20201225T053120_20201225T053145_035838_043216_5FB6.zip'}}, {'type': 'Feature', 'geometry': {'coordinates': [[[10.816473, 61.883453], [11.327235, 63.371765], [16.492611, 62.912914], [15.736711, 61.435211], [10.816473, 61.883453]]], 'type': 'Polygon'}, 'properties': {'beamModeType': 'IW', 'browse': ['https://datapool.asf.alaska.edu/BROWSE/SA/S1A_IW_GRDH_1SDV_20201225T053055_20201225T053120_035838_043216_9790.jpg'], 'bytes': '913020549', 'faradayRotation': None, 'fileID': 'S1A_IW_GRDH_1SDV_20201225T053055_20201225T053120_035838_043216_9790-GRD_HD', 'fileName': 'S1A_IW_GRDH_1SDV_20201225T053055_20201225T053120_035838_043216_9790.zip', 'flightDirection': 'DESCENDING', 'frameNumber': '384', 'granuleType': 'SENTINEL_1A_FRAME', 'groupID': 'S1A_IWDV_0383_0390_035838_066', 'insarStackId': None, 'md5sum': '7cbb693a1f68f154f22cdd536838a173', 'offNadirAngle': None, 'orbit': '35838', 'pathNumber': '66', 'platform': 'Sentinel-1A', 'pointingAngle': None, 'polarization': 'VV+VH', 'processingDate': '2020-12-25T05:30:55.000000', 'processingLevel': 'GRD_HD', 'sceneName': 'S1A_IW_GRDH_1SDV_20201225T053055_20201225T053120_035838_043216_9790', 'sensor': 'C-SAR', 'startTime': '2020-12-25T05:30:55.000000', 'stopTime': '2020-12-25T05:31:20.000000', 'url': 'https://datapool.asf.alaska.edu/GRD_HD/SA/S1A_IW_GRDH_1SDV_20201225T053055_20201225T053120_035838_043216_9790.zip'}}, {'type': 'Feature', 'geometry': {'coordinates': [[[12.456537, 63.851578], [13.012895, 62.366032], [7.976697, 61.910976], [7.164683, 63.383816], [12.456537, 63.851578]]], 'type': 'Polygon'}, 'properties': {'beamModeType': 'IW', 'browse': ['https://datapool.asf.alaska.edu/BROWSE/SB/S1B_IW_GRDH_1SDV_20201224T165435_20201224T165500_024847_02F4D0_ED51.jpg'], 'bytes': '906516147', 'faradayRotation': None, 'fileID': 'S1B_IW_GRDH_1SDV_20201224T165435_20201224T165500_024847_02F4D0_ED51-GRD_HD', 'fileName': 'S1B_IW_GRDH_1SDV_20201224T165435_20201224T165500_024847_02F4D0_ED51.zip', 'flightDirection': 'ASCENDING', 'frameNumber': '203', 'granuleType': 'SENTINEL_1B_FRAME', 'groupID': 'S1B_IWDV_0202_0209_024847_146', 'insarStackId': None, 'md5sum': 'a7621cdf1539f057b57c1321164e7d18', 'offNadirAngle': None, 'orbit': '24847', 'pathNumber': '146', 'platform': 'Sentinel-1B', 'pointingAngle': None, 'polarization': 'VV+VH', 'processingDate': '2020-12-24T16:54:35.000000', 'processingLevel': 'GRD_HD', 'sceneName': 'S1B_IW_GRDH_1SDV_20201224T165435_20201224T165500_024847_02F4D0_ED51', 'sensor': 'C-SAR', 'startTime': '2020-12-24T16:54:35.000000', 'stopTime': '2020-12-24T16:55:00.000000', 'url': 'https://datapool.asf.alaska.edu/GRD_HD/SB/S1B_IW_GRDH_1SDV_20201224T165435_20201224T165500_024847_02F4D0_ED51.zip'}}, {'type': 'Feature', 'geometry': {'coordinates': [[[13.011205, 62.365818], [13.479317, 60.875042], [8.674673, 60.428783], [7.97674, 61.910889], [13.011205, 62.365818]]], 'type': 'Polygon'}, 'properties': {'beamModeType': 'IW', 'browse': ['https://datapool.asf.alaska.edu/BROWSE/SB/S1B_IW_GRDH_1SDV_20201224T165410_20201224T165435_024847_02F4D0_4D5F.jpg'], 'bytes': '919867093', 'faradayRotation': None, 'fileID': 'S1B_IW_GRDH_1SDV_20201224T165410_20201224T165435_024847_02F4D0_4D5F-GRD_HD', 'fileName': 'S1B_IW_GRDH_1SDV_20201224T165410_20201224T165435_024847_02F4D0_4D5F.zip', 'flightDirection': 'ASCENDING', 'frameNumber': '198', 'granuleType': 'SENTINEL_1B_FRAME', 'groupID': 'S1B_IWDV_0197_0204_024847_146', 'insarStackId': None, 'md5sum': '0f652ac6f926084575254ce2ab0bd64c', 'offNadirAngle': None, 'orbit': '24847', 'pathNumber': '146', 'platform': 'Sentinel-1B', 'pointingAngle': None, 'polarization': 'VV+VH', 'processingDate': '2020-12-24T16:54:10.000000', 'processingLevel': 'GRD_HD', 'sceneName': 'S1B_IW_GRDH_1SDV_20201224T165410_20201224T165435_024847_02F4D0_4D5F', 'sensor': 'C-SAR', 'startTime': '2020-12-24T16:54:10.000000', 'stopTime': '2020-12-24T16:54:35.000000', 'url': 'https://datapool.asf.alaska.edu/GRD_HD/SB/S1B_IW_GRDH_1SDV_20201224T165410_20201224T165435_024847_02F4D0_4D5F.zip'}}, {'type': 'Feature', 'geometry': {'coordinates': [[[8.736107, 61.851059], [9.233373, 63.340244], [14.439762, 62.877548], [13.695647, 61.398579], [8.736107, 61.851059]]], 'type': 'Polygon'}, 'properties': {'beamModeType': 'IW', 'browse': ['https://datapool.asf.alaska.edu/BROWSE/SB/S1B_IW_GRDH_1SDV_20201224T053828_20201224T053853_024840_02F495_D66D.jpg'], 'bytes': '905267831', 'faradayRotation': None, 'fileID': 'S1B_IW_GRDH_1SDV_20201224T053828_20201224T053853_024840_02F495_D66D-GRD_HD', 'fileName': 'S1B_IW_GRDH_1SDV_20201224T053828_20201224T053853_024840_02F495_D66D.zip', 'flightDirection': 'DESCENDING', 'frameNumber': '384', 'granuleType': 'SENTINEL_1B_FRAME', 'groupID': 'S1B_IWDV_0383_0390_024840_139', 'insarStackId': None, 'md5sum': 'a973ee7e1a7e0047043d15282a12e2f5', 'offNadirAngle': None, 'orbit': '24840', 'pathNumber': '139', 'platform': 'Sentinel-1B', 'pointingAngle': None, 'polarization': 'VV+VH', 'processingDate': '2020-12-24T05:38:28.000000', 'processingLevel': 'GRD_HD', 'sceneName': 'S1B_IW_GRDH_1SDV_20201224T053828_20201224T053853_024840_02F495_D66D', 'sensor': 'C-SAR', 'startTime': '2020-12-24T05:38:28.000000', 'stopTime': '2020-12-24T05:38:53.000000', 'url': 'https://datapool.asf.alaska.edu/GRD_HD/SB/S1B_IW_GRDH_1SDV_20201224T053828_20201224T053853_024840_02F495_D66D.zip'}}, {'type': 'Feature', 'geometry': {'coordinates': [[[9.231628, 63.340458], [9.78563, 64.827011], [15.26934, 64.351097], [14.439809, 62.877636], [9.231628, 63.340458]]], 'type': 'Polygon'}, 'properties': {'beamModeType': 'IW', 'browse': ['https://datapool.asf.alaska.edu/BROWSE/SB/S1B_IW_GRDH_1SDV_20201224T053803_20201224T053828_024840_02F495_AA49.jpg'], 'bytes': '925053456', 'faradayRotation': None, 'fileID': 'S1B_IW_GRDH_1SDV_20201224T053803_20201224T053828_024840_02F495_AA49-GRD_HD', 'fileName': 'S1B_IW_GRDH_1SDV_20201224T053803_20201224T053828_024840_02F495_AA49.zip', 'flightDirection': 'DESCENDING', 'frameNumber': '379', 'granuleType': 'SENTINEL_1B_FRAME', 'groupID': 'S1B_IWDV_0378_0385_024840_139', 'insarStackId': None, 'md5sum': '586d8a7d88b454ce43c7e7ba7469afec', 'offNadirAngle': None, 'orbit': '24840', 'pathNumber': '139', 'platform': 'Sentinel-1B', 'pointingAngle': None, 'polarization': 'VV+VH', 'processingDate': '2020-12-24T05:38:03.000000', 'processingLevel': 'GRD_HD', 'sceneName': 'S1B_IW_GRDH_1SDV_20201224T053803_20201224T053828_024840_02F495_AA49', 'sensor': 'C-SAR', 'startTime': '2020-12-24T05:38:03.000000', 'stopTime': '2020-12-24T05:38:28.000000', 'url': 'https://datapool.asf.alaska.edu/GRD_HD/SB/S1B_IW_GRDH_1SDV_20201224T053803_20201224T053828_024840_02F495_AA49.zip'}}, {'type': 'Feature', 'geometry': {'coordinates': [[[10.500848, 63.555496], [11.047698, 62.069427], [6.091315, 61.619648], [5.295726, 63.093613], [10.500848, 63.555496]]], 'type': 'Polygon'}, 'properties': {'beamModeType': 'IW', 'browse': ['https://datapool.asf.alaska.edu/BROWSE/SA/S1A_IW_GRDH_1SDV_20201223T170325_20201223T170350_035816_043152_A85C.jpg'], 'bytes': '908399175', 'faradayRotation': None, 'fileID': 'S1A_IW_GRDH_1SDV_20201223T170325_20201223T170350_035816_043152_A85C-GRD_HD', 'fileName': 'S1A_IW_GRDH_1SDV_20201223T170325_20201223T170350_035816_043152_A85C.zip', 'flightDirection': 'ASCENDING', 'frameNumber': '202', 'granuleType': 'SENTINEL_1A_FRAME', 'groupID': 'S1A_IWDV_0202_0207_035816_044', 'insarStackId': None, 'md5sum': '1ae17587595231b8bbdff6dd1ff25202', 'offNadirAngle': None, 'orbit': '35816', 'pathNumber': '44', 'platform': 'Sentinel-1A', 'pointingAngle': None, 'polarization': 'VV+VH', 'processingDate': '2020-12-23T17:03:25.000000', 'processingLevel': 'GRD_HD', 'sceneName': 'S1A_IW_GRDH_1SDV_20201223T170325_20201223T170350_035816_043152_A85C', 'sensor': 'C-SAR', 'startTime': '2020-12-23T17:03:25.000000', 'stopTime': '2020-12-23T17:03:50.000000', 'url': 'https://datapool.asf.alaska.edu/GRD_HD/SA/S1A_IW_GRDH_1SDV_20201223T170325_20201223T170350_035816_043152_A85C.zip'}}, {'type': 'Feature', 'geometry': {'coordinates': [[[6.592516, 61.570492], [7.089079, 63.059555], [12.199989, 62.603672], [11.463581, 61.124554], [6.592516, 61.570492]]], 'type': 'Polygon'}, 'properties': {'beamModeType': 'IW', 'browse': ['https://datapool.asf.alaska.edu/BROWSE/SA/S1A_IW_GRDH_1SDV_20201223T054728_20201223T054753_035809_043117_1262.jpg'], 'bytes': '926887683', 'faradayRotation': None, 'fileID': 'S1A_IW_GRDH_1SDV_20201223T054728_20201223T054753_035809_043117_1262-GRD_HD', 'fileName': 'S1A_IW_GRDH_1SDV_20201223T054728_20201223T054753_035809_043117_1262.zip', 'flightDirection': 'DESCENDING', 'frameNumber': '385', 'granuleType': 'SENTINEL_1A_FRAME', 'groupID': 'S1A_IWDV_0384_0391_035809_037', 'insarStackId': None, 'md5sum': '70c5565acbc6eb7fd1624ab31e84660a', 'offNadirAngle': None, 'orbit': '35809', 'pathNumber': '37', 'platform': 'Sentinel-1A', 'pointingAngle': None, 'polarization': 'VV+VH', 'processingDate': '2020-12-23T05:47:28.000000', 'processingLevel': 'GRD_HD', 'sceneName': 'S1A_IW_GRDH_1SDV_20201223T054728_20201223T054753_035809_043117_1262', 'sensor': 'C-SAR', 'startTime': '2020-12-23T05:47:28.000000', 'stopTime': '2020-12-23T05:47:53.000000', 'url': 'https://datapool.asf.alaska.edu/GRD_HD/SA/S1A_IW_GRDH_1SDV_20201223T054728_20201223T054753_035809_043117_1262.zip'}}, {'type': 'Feature', 'geometry': {'coordinates': [[[7.087357, 63.059765], [7.639089, 64.546165], [13.019189, 64.077446], [12.200042, 62.60376], [7.087357, 63.059765]]], 'type': 'Polygon'}, 'properties': {'beamModeType': 'IW', 'browse': ['https://datapool.asf.alaska.edu/BROWSE/SA/S1A_IW_GRDH_1SDV_20201223T054703_20201223T054728_035809_043117_6B58.jpg'], 'bytes': '908693014', 'faradayRotation': None, 'fileID': 'S1A_IW_GRDH_1SDV_20201223T054703_20201223T054728_035809_043117_6B58-GRD_HD', 'fileName': 'S1A_IW_GRDH_1SDV_20201223T054703_20201223T054728_035809_043117_6B58.zip', 'flightDirection': 'DESCENDING', 'frameNumber': '380', 'granuleType': 'SENTINEL_1A_FRAME', 'groupID': 'S1A_IWDV_0379_0386_035809_037', 'insarStackId': None, 'md5sum': 'dbfc41ddff31809c94ed0b2e19974572', 'offNadirAngle': None, 'orbit': '35809', 'pathNumber': '37', 'platform': 'Sentinel-1A', 'pointingAngle': None, 'polarization': 'VV+VH', 'processingDate': '2020-12-23T05:47:03.000000', 'processingLevel': 'GRD_HD', 'sceneName': 'S1A_IW_GRDH_1SDV_20201223T054703_20201223T054728_035809_043117_6B58', 'sensor': 'C-SAR', 'startTime': '2020-12-23T05:47:03.000000', 'stopTime': '2020-12-23T05:47:28.000000', 'url': 'https://datapool.asf.alaska.edu/GRD_HD/SA/S1A_IW_GRDH_1SDV_20201223T054703_20201223T054728_035809_043117_6B58.zip'}}, {'type': 'Feature', 'geometry': {'coordinates': [[[8.360172, 63.698574], [8.880831, 62.210495], [3.971187, 61.765079], [3.202633, 63.242233], [8.360172, 63.698574]]], 'type': 'Polygon'}, 'properties': {'beamModeType': 'IW', 'browse': ['https://datapool.asf.alaska.edu/BROWSE/SB/S1B_IW_GRDH_1SDV_20201222T171100_20201222T171125_024818_02F3DF_C15A.jpg'], 'bytes': '808825995', 'faradayRotation': None, 'fileID': 'S1B_IW_GRDH_1SDV_20201222T171100_20201222T171125_024818_02F3DF_C15A-GRD_HD', 'fileName': 'S1B_IW_GRDH_1SDV_20201222T171100_20201222T171125_024818_02F3DF_C15A.zip', 'flightDirection': 'ASCENDING', 'frameNumber': '203', 'granuleType': 'SENTINEL_1B_FRAME', 'groupID': 'S1B_IWDV_0202_0208_024818_117', 'insarStackId': None, 'md5sum': 'ef1d40e085eebd866e9ec2716214b791', 'offNadirAngle': None, 'orbit': '24818', 'pathNumber': '117', 'platform': 'Sentinel-1B', 'pointingAngle': None, 'polarization': 'VV+VH', 'processingDate': '2020-12-22T17:11:00.000000', 'processingLevel': 'GRD_HD', 'sceneName': 'S1B_IW_GRDH_1SDV_20201222T171100_20201222T171125_024818_02F3DF_C15A', 'sensor': 'C-SAR', 'startTime': '2020-12-22T17:11:00.000000', 'stopTime': '2020-12-22T17:11:25.000000', 'url': 'https://datapool.asf.alaska.edu/GRD_HD/SB/S1B_IW_GRDH_1SDV_20201222T171100_20201222T171125_024818_02F3DF_C15A.zip'}}, {'type': 'Feature', 'geometry': {'coordinates': [[[4.888783, 62.699139], [5.454003, 64.184364], [10.810009, 63.71384], [9.982671, 62.241821], [4.888783, 62.699139]]], 'type': 'Polygon'}, 'properties': {'beamModeType': 'IW', 'browse': ['https://datapool.asf.alaska.edu/BROWSE/SB/S1B_IW_GRDH_1SDV_20201222T055441_20201222T055506_024811_02F3AC_12E2.jpg'], 'bytes': '858183095', 'faradayRotation': None, 'fileID': 'S1B_IW_GRDH_1SDV_20201222T055441_20201222T055506_024811_02F3AC_12E2-GRD_HD', 'fileName': 'S1B_IW_GRDH_1SDV_20201222T055441_20201222T055506_024811_02F3AC_12E2.zip', 'flightDirection': 'DESCENDING', 'frameNumber': '381', 'granuleType': 'SENTINEL_1B_FRAME', 'groupID': 'S1B_IWDV_0381_0387_024811_110', 'insarStackId': None, 'md5sum': '354582fba32a2c5d7cb3dcfcb3293626', 'offNadirAngle': None, 'orbit': '24811', 'pathNumber': '110', 'platform': 'Sentinel-1B', 'pointingAngle': None, 'polarization': 'VV+VH', 'processingDate': '2020-12-22T05:54:41.000000', 'processingLevel': 'GRD_HD', 'sceneName': 'S1B_IW_GRDH_1SDV_20201222T055441_20201222T055506_024811_02F3AC_12E2', 'sensor': 'C-SAR', 'startTime': '2020-12-22T05:54:41.000000', 'stopTime': '2020-12-22T05:55:06.000000', 'url': 'https://datapool.asf.alaska.edu/GRD_HD/SB/S1B_IW_GRDH_1SDV_20201222T055441_20201222T055506_024811_02F3AC_12E2.zip'}}, {'type': 'Feature', 'geometry': {'coordinates': [[[14.311235, 64.391052], [14.867865, 62.905048], [9.779148, 62.449551], [8.958325, 63.922729], [14.311235, 64.391052]]], 'type': 'Polygon'}, 'properties': {'beamModeType': 'IW', 'browse': ['https://datapool.asf.alaska.edu/BROWSE/SB/S1B_IW_GRDH_1SDV_20201219T164630_20201219T164655_024774_02F27B_9094.jpg'], 'bytes': '922061428', 'faradayRotation': None, 'fileID': 'S1B_IW_GRDH_1SDV_20201219T164630_20201219T164655_024774_02F27B_9094-GRD_HD', 'fileName': 'S1B_IW_GRDH_1SDV_20201219T164630_20201219T164655_024774_02F27B_9094.zip', 'flightDirection': 'ASCENDING', 'frameNumber': '205', 'granuleType': 'SENTINEL_1B_FRAME', 'groupID': 'S1B_IWDV_0204_0211_024774_073', 'insarStackId': None, 'md5sum': 'dbdfdd4c1f36392fcf67ca95a9ff031e', 'offNadirAngle': None, 'orbit': '24774', 'pathNumber': '73', 'platform': 'Sentinel-1B', 'pointingAngle': None, 'polarization': 'VV+VH', 'processingDate': '2020-12-19T16:46:30.000000', 'processingLevel': 'GRD_HD', 'sceneName': 'S1B_IW_GRDH_1SDV_20201219T164630_20201219T164655_024774_02F27B_9094', 'sensor': 'C-SAR', 'startTime': '2020-12-19T16:46:30.000000', 'stopTime': '2020-12-19T16:46:55.000000', 'url': 'https://datapool.asf.alaska.edu/GRD_HD/SB/S1B_IW_GRDH_1SDV_20201219T164630_20201219T164655_024774_02F27B_9094.zip'}}, {'type': 'Feature', 'geometry': {'coordinates': [[[12.477332, 63.789028], [13.029819, 62.303234], [8.027781, 61.851147], [7.222195, 63.324524], [12.477332, 63.789028]]], 'type': 'Polygon'}, 'properties': {'beamModeType': 'IW', 'browse': ['https://datapool.asf.alaska.edu/BROWSE/SA/S1A_IW_GRDH_1SDV_20201218T165516_20201218T165541_035743_042EC4_BA7A.jpg'], 'bytes': '902711155', 'faradayRotation': None, 'fileID': 'S1A_IW_GRDH_1SDV_20201218T165516_20201218T165541_035743_042EC4_BA7A-GRD_HD', 'fileName': 'S1A_IW_GRDH_1SDV_20201218T165516_20201218T165541_035743_042EC4_BA7A.zip', 'flightDirection': 'ASCENDING', 'frameNumber': '203', 'granuleType': 'SENTINEL_1A_FRAME', 'groupID': 'S1A_IWDV_0203_0208_035743_146', 'insarStackId': None, 'md5sum': '999b127dd00048cac3fa83049172827f', 'offNadirAngle': None, 'orbit': '35743', 'pathNumber': '146', 'platform': 'Sentinel-1A', 'pointingAngle': None, 'polarization': 'VV+VH', 'processingDate': '2020-12-18T16:55:16.000000', 'processingLevel': 'GRD_HD', 'sceneName': 'S1A_IW_GRDH_1SDV_20201218T165516_20201218T165541_035743_042EC4_BA7A', 'sensor': 'C-SAR', 'startTime': '2020-12-18T16:55:16.000000', 'stopTime': '2020-12-18T16:55:41.000000', 'url': 'https://datapool.asf.alaska.edu/GRD_HD/SA/S1A_IW_GRDH_1SDV_20201218T165516_20201218T165541_035743_042EC4_BA7A.zip'}}, {'type': 'Feature', 'geometry': {'coordinates': [[[9.072982, 62.836269], [9.603281, 64.323898], [14.938335, 63.857838], [14.145109, 62.381981], [9.072982, 62.836269]]], 'type': 'Polygon'}, 'properties': {'beamModeType': 'IW', 'browse': ['https://datapool.asf.alaska.edu/BROWSE/SA/S1A_IW_GRDH_1SDV_20201218T053853_20201218T053918_035736_042E8D_4A3D.jpg'], 'bytes': '912850554', 'faradayRotation': None, 'fileID': 'S1A_IW_GRDH_1SDV_20201218T053853_20201218T053918_035736_042E8D_4A3D-GRD_HD', 'fileName': 'S1A_IW_GRDH_1SDV_20201218T053853_20201218T053918_035736_042E8D_4A3D.zip', 'flightDirection': 'DESCENDING', 'frameNumber': '381', 'granuleType': 'SENTINEL_1A_FRAME', 'groupID': 'S1A_IWDV_0380_0387_035736_139', 'insarStackId': None, 'md5sum': '581fbf0c02a15d6d225f0c95297e27c6', 'offNadirAngle': None, 'orbit': '35736', 'pathNumber': '139', 'platform': 'Sentinel-1A', 'pointingAngle': None, 'polarization': 'VV+VH', 'processingDate': '2020-12-18T05:38:53.000000', 'processingLevel': 'GRD_HD', 'sceneName': 'S1A_IW_GRDH_1SDV_20201218T053853_20201218T053918_035736_042E8D_4A3D', 'sensor': 'C-SAR', 'startTime': '2020-12-18T05:38:53.000000', 'stopTime': '2020-12-18T05:39:18.000000', 'url': 'https://datapool.asf.alaska.edu/GRD_HD/SA/S1A_IW_GRDH_1SDV_20201218T053853_20201218T053918_035736_042E8D_4A3D.zip'}}]}